SF:lib/src/svg_icon_data.dart
DA:10,2
DA:42,1
DA:44,3
DA:47,1
DA:48,3
DA:49,3
DA:50,3
DA:51,3
DA:54,1
DA:56,5
DA:59,2
DA:60,4
DA:66,1
DA:75,1
DA:77,1
DA:78,1
DA:79,2
DA:80,1
LF:18
LH:18
end_of_record
SF:lib/src/svg_icon.dart
DA:21,1
DA:105,1
DA:107,3
DA:108,2
DA:110,1
DA:112,2
DA:113,2
DA:114,3
DA:118,1
DA:120,1
DA:121,1
DA:122,1
DA:126,1
DA:127,2
DA:128,1
DA:130,0
DA:133,1
DA:134,1
DA:135,1
DA:141,1
DA:142,2
DA:147,1
DA:149,0
DA:150,0
DA:155,0
DA:159,1
DA:160,1
DA:161,1
DA:162,1
DA:165,1
DA:173,0
DA:175,0
DA:176,0
DA:177,0
DA:178,0
DA:179,0
DA:180,0
DA:181,0
DA:182,0
DA:184,0
DA:189,0
LF:41
LH:26
end_of_record
